<?xml version='1.0' encoding='UTF-8'?>
<result plugin="junit@1.2-beta-4">
  <suites>
    <suite>
      <file>C:\Programming_DM\_hh_ru_school\homework\3_unit_testing\BowlingGame\target\surefire-reports\TEST-bowling.GameTest.xml</file>
      <name>bowling.GameTest</name>
      <duration>0.40899995</duration>
      <cases>
        <case>
          <duration>0.004</duration>
          <className>bowling.GameTest</className>
          <testName>testSimpleSpare</testName>
          <skipped>false</skipped>
          <failedSince>0</failedSince>
        </case>
        <case>
          <duration>0.0</duration>
          <className>bowling.GameTest</className>
          <testName>testEndOfArray</testName>
          <skipped>false</skipped>
          <failedSince>0</failedSince>
        </case>
        <case>
          <duration>0.001</duration>
          <className>bowling.GameTest</className>
          <testName>testTwoRollsNoMark</testName>
          <skipped>false</skipped>
          <failedSince>0</failedSince>
        </case>
        <case>
          <duration>0.0</duration>
          <className>bowling.GameTest</className>
          <testName>testTenthFrameSpare</testName>
          <skipped>false</skipped>
          <failedSince>0</failedSince>
        </case>
        <case>
          <duration>0.0</duration>
          <className>bowling.GameTest</className>
          <testName>testSimpleFrameAfterSpare</testName>
          <skipped>false</skipped>
          <failedSince>0</failedSince>
        </case>
        <case>
          <duration>0.399</duration>
          <className>bowling.GameTest</className>
          <testName>testMockedMethod</testName>
          <skipped>false</skipped>
          <failedSince>0</failedSince>
        </case>
        <case>
          <duration>0.001</duration>
          <className>bowling.GameTest</className>
          <testName>testStartNewFrame</testName>
          <skipped>false</skipped>
          <failedSince>0</failedSince>
        </case>
        <case>
          <duration>0.003</duration>
          <className>bowling.GameTest</className>
          <testName>testSampleGame</testName>
          <skipped>false</skipped>
          <failedSince>0</failedSince>
        </case>
        <case>
          <duration>0.0</duration>
          <className>bowling.GameTest</className>
          <testName>testSimpleStrike</testName>
          <skipped>false</skipped>
          <failedSince>0</failedSince>
        </case>
        <case>
          <duration>0.001</duration>
          <className>bowling.GameTest</className>
          <testName>testHeartBreak</testName>
          <skipped>false</skipped>
          <failedSince>0</failedSince>
        </case>
        <case>
          <duration>0.0</duration>
          <className>bowling.GameTest</className>
          <testName>testPerfectGame</testName>
          <skipped>false</skipped>
          <failedSince>0</failedSince>
        </case>
        <case>
          <duration>0.0</duration>
          <className>bowling.GameTest</className>
          <testName>testFourRollsNoMark</testName>
          <skipped>false</skipped>
          <failedSince>0</failedSince>
        </case>
        <case>
          <duration>0.0</duration>
          <className>bowling.GameTest</className>
          <testName>testAddIllegalPins</testName>
          <skipped>false</skipped>
          <failedSince>0</failedSince>
        </case>
      </cases>
    </suite>
  </suites>
  <duration>0.40899995</duration>
  <keepLongStdio>false</keepLongStdio>
</result>